<?xml version="1.0" encoding="UTF-8"?>
<!-- Generated by org.testng.reporters.JUnitXMLReporter -->
<testsuite ignored="0" hostname="DESKTOP-M34S856" failures="0" tests="3" name="Default test" time="73.106" errors="0" timestamp="2024-05-25T17:58:54 IST">
  <testcase classname="dragAndDropSliders.DragAndDropSlidersClass" name="TestScenario2" time="6.421"/>
  <testcase classname="inputFormSubmit.InputFormSubmitClass" name="TestScenario3" time="9.59"/>
  <testcase classname="simpleFormDemo.SimpleFormDemoclass" name="TestScenario1" time="5.857"/>
</testsuite> <!-- Default test -->
