<?xml version="1.0" encoding="UTF-8"?>
<testng-results ignored="0" total="3" passed="3" failed="0" skipped="0">
  <reporter-output>
  </reporter-output>
  <suite started-at="2024-05-25T17:57:41 IST" name="Default suite" finished-at="2024-05-25T17:58:54 IST" duration-ms="73106">
    <groups>
    </groups>
    <test started-at="2024-05-25T17:57:41 IST" name="Default test" finished-at="2024-05-25T17:58:54 IST" duration-ms="73106">
      <class name="dragAndDropSliders.DragAndDropSlidersClass">
        <test-method is-config="true" signature="setup(java.lang.reflect.Method,org.testng.ITestContext)[pri:0, instance:dragAndDropSliders.DragAndDropSlidersClass@31fa1761]" started-at="2024-05-25T17:57:41 IST" name="setup" finished-at="2024-05-25T17:58:05 IST" duration-ms="23777" status="PASS">
          <params>
            <param index="0">
              <value>
                <![CDATA[public void dragAndDropSliders.DragAndDropSlidersClass.TestScenario2() throws java.lang.InterruptedException]]>
              </value>
            </param>
            <param index="1">
              <value>
                <![CDATA[org.testng.TestRunner@1422ac7f]]>
              </value>
            </param>
          </params>
          <reporter-output>
          </reporter-output>
        </test-method> <!-- setup -->
        <test-method signature="TestScenario2()[pri:0, instance:dragAndDropSliders.DragAndDropSlidersClass@31fa1761]" started-at="2024-05-25T17:58:05 IST" name="TestScenario2" finished-at="2024-05-25T17:58:12 IST" duration-ms="6421" status="PASS">
          <reporter-output>
          </reporter-output>
        </test-method> <!-- TestScenario2 -->
        <test-method is-config="true" signature="tearDown()[pri:0, instance:dragAndDropSliders.DragAndDropSlidersClass@31fa1761]" started-at="2024-05-25T17:58:12 IST" name="tearDown" finished-at="2024-05-25T17:58:13 IST" duration-ms="1487" status="PASS">
          <reporter-output>
          </reporter-output>
        </test-method> <!-- tearDown -->
      </class> <!-- dragAndDropSliders.DragAndDropSlidersClass -->
      <class name="inputFormSubmit.InputFormSubmitClass">
        <test-method is-config="true" signature="setup(java.lang.reflect.Method,org.testng.ITestContext)[pri:0, instance:inputFormSubmit.InputFormSubmitClass@6fdbe764]" started-at="2024-05-25T17:58:13 IST" name="setup" finished-at="2024-05-25T17:58:34 IST" duration-ms="20756" status="PASS">
          <params>
            <param index="0">
              <value>
                <![CDATA[public void inputFormSubmit.InputFormSubmitClass.TestScenario3() throws java.lang.InterruptedException]]>
              </value>
            </param>
            <param index="1">
              <value>
                <![CDATA[org.testng.TestRunner@1422ac7f]]>
              </value>
            </param>
          </params>
          <reporter-output>
          </reporter-output>
        </test-method> <!-- setup -->
        <test-method signature="TestScenario3()[pri:0, instance:inputFormSubmit.InputFormSubmitClass@6fdbe764]" started-at="2024-05-25T17:58:34 IST" name="TestScenario3" finished-at="2024-05-25T17:58:43 IST" duration-ms="9590" status="PASS">
          <reporter-output>
          </reporter-output>
        </test-method> <!-- TestScenario3 -->
        <test-method is-config="true" signature="tearDown()[pri:0, instance:inputFormSubmit.InputFormSubmitClass@6fdbe764]" started-at="2024-05-25T17:58:43 IST" name="tearDown" finished-at="2024-05-25T17:58:45 IST" duration-ms="1334" status="PASS">
          <reporter-output>
          </reporter-output>
        </test-method> <!-- tearDown -->
      </class> <!-- inputFormSubmit.InputFormSubmitClass -->
      <class name="simpleFormDemo.SimpleFormDemoclass">
        <test-method is-config="true" signature="setup(java.lang.reflect.Method,org.testng.ITestContext)[pri:0, instance:simpleFormDemo.SimpleFormDemoclass@51c668e3]" started-at="2024-05-25T17:58:45 IST" name="setup" finished-at="2024-05-25T17:58:47 IST" duration-ms="2435" status="PASS">
          <params>
            <param index="0">
              <value>
                <![CDATA[public void simpleFormDemo.SimpleFormDemoclass.TestScenario1() throws java.lang.InterruptedException]]>
              </value>
            </param>
            <param index="1">
              <value>
                <![CDATA[org.testng.TestRunner@1422ac7f]]>
              </value>
            </param>
          </params>
          <reporter-output>
          </reporter-output>
        </test-method> <!-- setup -->
        <test-method signature="TestScenario1()[pri:0, instance:simpleFormDemo.SimpleFormDemoclass@51c668e3]" started-at="2024-05-25T17:58:47 IST" name="TestScenario1" finished-at="2024-05-25T17:58:53 IST" duration-ms="5857" status="PASS">
          <reporter-output>
          </reporter-output>
        </test-method> <!-- TestScenario1 -->
        <test-method is-config="true" signature="tearDown()[pri:0, instance:simpleFormDemo.SimpleFormDemoclass@51c668e3]" started-at="2024-05-25T17:58:53 IST" name="tearDown" finished-at="2024-05-25T17:58:54 IST" duration-ms="1361" status="PASS">
          <reporter-output>
          </reporter-output>
        </test-method> <!-- tearDown -->
      </class> <!-- simpleFormDemo.SimpleFormDemoclass -->
    </test> <!-- Default test -->
  </suite> <!-- Default suite -->
</testng-results>
